Started GET "/" for ::1 at 2022-02-18 14:48:34 -0700
  
ActiveRecord::ConnectionNotEstablished (could not connect to server: No such file or directory
	Is the server running locally and accepting
	connections on Unix domain socket "/tmp/.s.PGSQL.5432"?
):
  
activerecord (7.0.2.2) lib/active_record/connection_adapters/postgresql_adapter.rb:87:in `rescue in new_client'
activerecord (7.0.2.2) lib/active_record/connection_adapters/postgresql_adapter.rb:77:in `new_client'
activerecord (7.0.2.2) lib/active_record/connection_adapters/postgresql_adapter.rb:37:in `postgresql_connection'
activerecord (7.0.2.2) lib/active_record/connection_adapters/abstract/connection_pool.rb:656:in `public_send'
activerecord (7.0.2.2) lib/active_record/connection_adapters/abstract/connection_pool.rb:656:in `new_connection'
activerecord (7.0.2.2) lib/active_record/connection_adapters/abstract/connection_pool.rb:700:in `checkout_new_connection'
activerecord (7.0.2.2) lib/active_record/connection_adapters/abstract/connection_pool.rb:679:in `try_to_checkout_new_connection'
activerecord (7.0.2.2) lib/active_record/connection_adapters/abstract/connection_pool.rb:640:in `acquire_connection'
activerecord (7.0.2.2) lib/active_record/connection_adapters/abstract/connection_pool.rb:341:in `checkout'
activerecord (7.0.2.2) lib/active_record/connection_adapters/abstract/connection_pool.rb:181:in `connection'
activerecord (7.0.2.2) lib/active_record/connection_adapters/abstract/connection_handler.rb:211:in `retrieve_connection'
activerecord (7.0.2.2) lib/active_record/connection_handling.rb:313:in `retrieve_connection'
activerecord (7.0.2.2) lib/active_record/connection_handling.rb:280:in `connection'
activerecord (7.0.2.2) lib/active_record/migration.rb:613:in `connection'
activerecord (7.0.2.2) lib/active_record/migration.rb:608:in `build_watcher'
activerecord (7.0.2.2) lib/active_record/migration.rb:590:in `block in call'
activerecord (7.0.2.2) lib/active_record/migration.rb:589:in `synchronize'
activerecord (7.0.2.2) lib/active_record/migration.rb:589:in `call'
actionpack (7.0.2.2) lib/action_dispatch/middleware/callbacks.rb:27:in `block in call'
activesupport (7.0.2.2) lib/active_support/callbacks.rb:99:in `run_callbacks'
actionpack (7.0.2.2) lib/action_dispatch/middleware/callbacks.rb:26:in `call'
actionpack (7.0.2.2) lib/action_dispatch/middleware/executor.rb:14:in `call'
actionpack (7.0.2.2) lib/action_dispatch/middleware/actionable_exceptions.rb:17:in `call'
actionpack (7.0.2.2) lib/action_dispatch/middleware/debug_exceptions.rb:28:in `call'
web-console (4.2.0) lib/web_console/middleware.rb:132:in `call_app'
web-console (4.2.0) lib/web_console/middleware.rb:28:in `block in call'
web-console (4.2.0) lib/web_console/middleware.rb:17:in `catch'
web-console (4.2.0) lib/web_console/middleware.rb:17:in `call'
actionpack (7.0.2.2) lib/action_dispatch/middleware/show_exceptions.rb:26:in `call'
railties (7.0.2.2) lib/rails/rack/logger.rb:36:in `call_app'
railties (7.0.2.2) lib/rails/rack/logger.rb:25:in `block in call'
activesupport (7.0.2.2) lib/active_support/tagged_logging.rb:99:in `block in tagged'
activesupport (7.0.2.2) lib/active_support/tagged_logging.rb:37:in `tagged'
activesupport (7.0.2.2) lib/active_support/tagged_logging.rb:99:in `tagged'
railties (7.0.2.2) lib/rails/rack/logger.rb:25:in `call'
sprockets-rails (3.4.2) lib/sprockets/rails/quiet_assets.rb:13:in `call'
actionpack (7.0.2.2) lib/action_dispatch/middleware/remote_ip.rb:93:in `call'
actionpack (7.0.2.2) lib/action_dispatch/middleware/request_id.rb:26:in `call'
rack (2.2.3) lib/rack/method_override.rb:24:in `call'
rack (2.2.3) lib/rack/runtime.rb:22:in `call'
activesupport (7.0.2.2) lib/active_support/cache/strategy/local_cache_middleware.rb:29:in `call'
actionpack (7.0.2.2) lib/action_dispatch/middleware/server_timing.rb:20:in `call'
actionpack (7.0.2.2) lib/action_dispatch/middleware/executor.rb:14:in `call'
actionpack (7.0.2.2) lib/action_dispatch/middleware/static.rb:23:in `call'
rack (2.2.3) lib/rack/sendfile.rb:110:in `call'
actionpack (7.0.2.2) lib/action_dispatch/middleware/host_authorization.rb:137:in `call'
railties (7.0.2.2) lib/rails/engine.rb:530:in `call'
puma (5.6.2) lib/puma/configuration.rb:252:in `call'
puma (5.6.2) lib/puma/request.rb:77:in `block in handle_request'
puma (5.6.2) lib/puma/thread_pool.rb:340:in `with_force_shutdown'
puma (5.6.2) lib/puma/request.rb:76:in `handle_request'
puma (5.6.2) lib/puma/server.rb:441:in `process_client'
puma (5.6.2) lib/puma/thread_pool.rb:147:in `block in spawn_thread'
  [1m[35m (133.7ms)[0m  [1m[35mCREATE DATABASE "mathwiz_development" ENCODING = 'unicode'[0m
  [1m[35m (80.7ms)[0m  [1m[35mCREATE DATABASE "mathwiz_test" ENCODING = 'unicode'[0m
  [1m[35m (20.9ms)[0m  [1m[35mCREATE TABLE "schema_migrations" ("version" character varying NOT NULL PRIMARY KEY)[0m
  [1m[35m (20.0ms)[0m  [1m[35mCREATE TABLE "ar_internal_metadata" ("key" character varying NOT NULL PRIMARY KEY, "value" character varying, "created_at" timestamp(6) NOT NULL, "updated_at" timestamp(6) NOT NULL)[0m
  [1m[35m (0.3ms)[0m  [1m[34mSELECT pg_try_advisory_lock(313786698304490355)[0m
  [1m[36mActiveRecord::SchemaMigration Pluck (0.4ms)[0m  [1m[34mSELECT "schema_migrations"."version" FROM "schema_migrations" ORDER BY "schema_migrations"."version" ASC[0m
  [1m[36mActiveRecord::InternalMetadata Load (0.4ms)[0m  [1m[34mSELECT "ar_internal_metadata".* FROM "ar_internal_metadata" WHERE "ar_internal_metadata"."key" = $1 LIMIT $2[0m  [["key", "environment"], ["LIMIT", 1]]
  [1m[36mTRANSACTION (0.1ms)[0m  [1m[35mBEGIN[0m
  [1m[36mActiveRecord::InternalMetadata Create (0.5ms)[0m  [1m[32mINSERT INTO "ar_internal_metadata" ("key", "value", "created_at", "updated_at") VALUES ($1, $2, $3, $4) RETURNING "key"[0m  [["key", "environment"], ["value", "development"], ["created_at", "2022-02-18 21:59:52.654703"], ["updated_at", "2022-02-18 21:59:52.654703"]]
  [1m[36mTRANSACTION (5.9ms)[0m  [1m[35mCOMMIT[0m
  [1m[35m (0.3ms)[0m  [1m[34mSELECT pg_advisory_unlock(313786698304490355)[0m
  [1m[36mActiveRecord::SchemaMigration Pluck (0.6ms)[0m  [1m[34mSELECT "schema_migrations"."version" FROM "schema_migrations" ORDER BY "schema_migrations"."version" ASC[0m
Started GET "/" for ::1 at 2022-02-18 15:00:35 -0700
  [1m[36mActiveRecord::SchemaMigration Pluck (0.5ms)[0m  [1m[34mSELECT "schema_migrations"."version" FROM "schema_migrations" ORDER BY "schema_migrations"."version" ASC[0m
Processing by Rails::WelcomeController#index as HTML
  Rendering /Users/zach/.rvm/gems/ruby-3.1.0/gems/railties-7.0.2.2/lib/rails/templates/rails/welcome/index.html.erb
  Rendered /Users/zach/.rvm/gems/ruby-3.1.0/gems/railties-7.0.2.2/lib/rails/templates/rails/welcome/index.html.erb (Duration: 1.8ms | Allocations: 807)
Completed 200 OK in 15ms (Views: 4.4ms | ActiveRecord: 0.0ms | Allocations: 7074)


Started GET "/api/v1/calculations" for ::1 at 2022-02-18 15:37:14 -0700
  [1m[36mActiveRecord::SchemaMigration Pluck (0.5ms)[0m  [1m[34mSELECT "schema_migrations"."version" FROM "schema_migrations" ORDER BY "schema_migrations"."version" ASC[0m
Processing by Api::V1::CalculationsController#index as */*
Completed 500 Internal Server Error in 8ms (ActiveRecord: 0.0ms | Allocations: 5286)


  
NameError (uninitialized constant Api::V1::CalculationsController::Calculation

        @calculations = Calculation.all
                        ^^^^^^^^^^^
Did you mean?  CalculationsHelper):
  
app/controllers/api/v1/calculations_controller.rb:5:in `index'
Started GET "/api/v1/calculations/1" for ::1 at 2022-02-18 15:39:03 -0700
Processing by Api::V1::CalculationsController#show as */*
  Parameters: {"id"=>"1"}
Completed 500 Internal Server Error in 4ms (ActiveRecord: 0.0ms | Allocations: 2538)


  
NameError (uninitialized constant Api::V1::CalculationsController::Calculation

        @calculation = Calculation.find(params[:id])
                       ^^^^^^^^^^^
Did you mean?  CalculationsHelper):
  
app/controllers/api/v1/calculations_controller.rb:9:in `show'
Started GET "/api/v1/calculations/1" for ::1 at 2022-02-18 15:41:38 -0700
Processing by Api::V1::CalculationsController#show as JSON
  Parameters: {"id"=>"1"}
Completed 500 Internal Server Error in 5ms (ActiveRecord: 0.0ms | Allocations: 2493)


  
NameError (uninitialized constant Api::V1::CalculationsController::Calculation

        @calculation = Calculation.find(params[:id])
                       ^^^^^^^^^^^
Did you mean?  CalculationsHelper):
  
app/controllers/api/v1/calculations_controller.rb:9:in `show'
Started GET "/api/v1/calculation/1" for ::1 at 2022-02-18 15:41:50 -0700
  
ActionController::RoutingError (No route matches [GET] "/api/v1/calculation/1"):
  
Started GET "/api/v1/calculations" for ::1 at 2022-02-18 15:42:00 -0700
Processing by Api::V1::CalculationsController#index as JSON
Completed 500 Internal Server Error in 4ms (ActiveRecord: 0.0ms | Allocations: 2519)


  
NameError (uninitialized constant Api::V1::CalculationsController::Calculation

        @calculations = Calculation.all
                        ^^^^^^^^^^^
Did you mean?  CalculationsHelper):
  
app/controllers/api/v1/calculations_controller.rb:5:in `index'
Started GET "/api/v1/calculations" for ::1 at 2022-02-18 15:57:17 -0700
  [1m[36mActiveRecord::SchemaMigration Pluck (0.5ms)[0m  [1m[34mSELECT "schema_migrations"."version" FROM "schema_migrations" ORDER BY "schema_migrations"."version" ASC[0m
Processing by Api::V1::CalculationsController#index as JSON
Completed 500 Internal Server Error in 7ms (ActiveRecord: 0.0ms | Allocations: 5292)


  
NameError (uninitialized constant Api::V1::CalculationsController::Calculation

        @calculations = Calculation.all
                        ^^^^^^^^^^^
Did you mean?  CalculationsHelper):
  
app/controllers/api/v1/calculations_controller.rb:5:in `index'
Started GET "/api/v1/calculations" for ::1 at 2022-02-18 16:00:23 -0700
  [1m[36mActiveRecord::SchemaMigration Pluck (0.5ms)[0m  [1m[34mSELECT "schema_migrations"."version" FROM "schema_migrations" ORDER BY "schema_migrations"."version" ASC[0m
  
SyntaxError (/Users/zach/projects/mathwiz/app/controllers/api/v1/calculations_controller.rb:23: syntax error, unexpected `end', expecting end-of-input):
  
app/controllers/api/v1/calculations_controller.rb:23: syntax error, unexpected `end', expecting end-of-input
app/controllers/api/v1/calculations_controller.rb:23: syntax error, unexpected `end', expecting end-of-input
app/controllers/api/v1/calculations_controller.rb:23: syntax error, unexpected `end', expecting end-of-input
Started GET "/api/v1/calculations" for ::1 at 2022-02-18 16:01:18 -0700
  [1m[36mActiveRecord::SchemaMigration Pluck (0.5ms)[0m  [1m[34mSELECT "schema_migrations"."version" FROM "schema_migrations" ORDER BY "schema_migrations"."version" ASC[0m
Processing by Api::V1::CalculationsController#index as JSON
Completed 500 Internal Server Error in 7ms (ActiveRecord: 0.0ms | Allocations: 5306)


  
NameError (uninitialized constant Api::V1::CalculationsController::Calculation

        respond_with Calculation.all
                     ^^^^^^^^^^^
Did you mean?  CalculationsHelper):
  
app/controllers/api/v1/calculations_controller.rb:5:in `index'
Started GET "/api/v1/calculations" for ::1 at 2022-02-18 16:05:30 -0700
  [1m[36mActiveRecord::SchemaMigration Pluck (0.9ms)[0m  [1m[34mSELECT "schema_migrations"."version" FROM "schema_migrations" ORDER BY "schema_migrations"."version" ASC[0m
Processing by Api::V1::CalculationsController#index as JSON
Completed 500 Internal Server Error in 8ms (ActiveRecord: 0.0ms | Allocations: 5306)


  
NameError (uninitialized constant Api::V1::CalculationsController::Calculations

        @calculations = Calculations.all
                        ^^^^^^^^^^^^
Did you mean?  CalculationsHelper):
  
app/controllers/api/v1/calculations_controller.rb:5:in `index'
  [1m[35m (0.2ms)[0m  [1m[34mSELECT pg_try_advisory_lock(313786698304490355)[0m
  [1m[36mActiveRecord::SchemaMigration Pluck (1.4ms)[0m  [1m[34mSELECT "schema_migrations"."version" FROM "schema_migrations" ORDER BY "schema_migrations"."version" ASC[0m
Migrating to CreateCalculations (20220219050435)
  [1m[36mTRANSACTION (0.2ms)[0m  [1m[35mBEGIN[0m
  [1m[35m (27.8ms)[0m  [1m[35mCREATE TABLE "calculations" ("id" bigserial primary key, "calculation_type" character varying, "start_value" integer, "end_value" integer, "solution" character varying, "error" character varying, "created_at" timestamp(6) NOT NULL, "updated_at" timestamp(6) NOT NULL)[0m
  [1m[36mActiveRecord::SchemaMigration Create (0.5ms)[0m  [1m[32mINSERT INTO "schema_migrations" ("version") VALUES ($1) RETURNING "version"[0m  [["version", "20220219050435"]]
  [1m[36mTRANSACTION (12.2ms)[0m  [1m[35mCOMMIT[0m
  [1m[36mActiveRecord::InternalMetadata Load (0.4ms)[0m  [1m[34mSELECT "ar_internal_metadata".* FROM "ar_internal_metadata" WHERE "ar_internal_metadata"."key" = $1 LIMIT $2[0m  [["key", "environment"], ["LIMIT", 1]]
  [1m[35m (0.2ms)[0m  [1m[34mSELECT pg_advisory_unlock(313786698304490355)[0m
  [1m[36mActiveRecord::SchemaMigration Pluck (1.6ms)[0m  [1m[34mSELECT "schema_migrations"."version" FROM "schema_migrations" ORDER BY "schema_migrations"."version" ASC[0m
Started POST "/calculations/create" for ::1 at 2022-02-18 23:01:45 -0700
  [1m[36mActiveRecord::SchemaMigration Pluck (0.6ms)[0m  [1m[34mSELECT "schema_migrations"."version" FROM "schema_migrations" ORDER BY "schema_migrations"."version" ASC[0m
  
ActionController::RoutingError (No route matches [POST] "/calculations/create"):
  
Started POST "/calculations/create" for ::1 at 2022-02-18 23:01:54 -0700
  
ActionController::RoutingError (No route matches [POST] "/calculations/create"):
  
Started POST "/calculations/create" for ::1 at 2022-02-18 23:02:38 -0700
  
ActionController::RoutingError (No route matches [POST] "/calculations/create"):
  
Started POST "/calculations/create" for ::1 at 2022-02-18 23:03:50 -0700
  
ActionController::RoutingError (No route matches [POST] "/calculations/create"):
  
Started POST "/calculations/create" for ::1 at 2022-02-18 23:04:36 -0700
  [1m[36mActiveRecord::SchemaMigration Pluck (0.6ms)[0m  [1m[34mSELECT "schema_migrations"."version" FROM "schema_migrations" ORDER BY "schema_migrations"."version" ASC[0m
  
ActionController::RoutingError (No route matches [POST] "/calculations/create"):
  
Started POST "/calculations/create" for ::1 at 2022-02-18 23:08:32 -0700
  
ActionController::RoutingError (No route matches [POST] "/calculations/create"):
  
Started POST "/calculations/create" for ::1 at 2022-02-18 23:09:00 -0700
  [1m[36mActiveRecord::SchemaMigration Pluck (0.7ms)[0m  [1m[34mSELECT "schema_migrations"."version" FROM "schema_migrations" ORDER BY "schema_migrations"."version" ASC[0m
  
ActionController::RoutingError (No route matches [POST] "/calculations/create"):
  
Started GET "/" for ::1 at 2022-02-18 23:13:05 -0700
Processing by Rails::WelcomeController#index as HTML
  Rendering /Users/zach/.rvm/gems/ruby-3.1.0/gems/railties-7.0.2.2/lib/rails/templates/rails/welcome/index.html.erb
  Rendered /Users/zach/.rvm/gems/ruby-3.1.0/gems/railties-7.0.2.2/lib/rails/templates/rails/welcome/index.html.erb (Duration: 2.6ms | Allocations: 481)
Completed 200 OK in 16ms (Views: 6.4ms | ActiveRecord: 0.0ms | Allocations: 3192)


Started GET "/routes" for ::1 at 2022-02-18 23:13:15 -0700
  
ActionController::RoutingError (No route matches [GET] "/routes"):
  
Started POST "/calculations/" for ::1 at 2022-02-18 23:14:56 -0700
  [1m[36mActiveRecord::SchemaMigration Pluck (0.7ms)[0m  [1m[34mSELECT "schema_migrations"."version" FROM "schema_migrations" ORDER BY "schema_migrations"."version" ASC[0m
  
SyntaxError (/Users/zach/projects/math-wiz/app/controllers/calculations_controller.rb:26: syntax error, unexpected ',', expecting =>
..., end_value:integer, :solution, :error)
...                              ^
):
  
app/controllers/calculations_controller.rb:26: syntax error, unexpected ',', expecting =>
app/controllers/calculations_controller.rb:26: syntax error, unexpected ',', expecting =>
app/controllers/calculations_controller.rb:26: syntax error, unexpected ',', expecting =>
Started POST "/calculations/" for ::1 at 2022-02-18 23:16:08 -0700
  
SyntaxError (/Users/zach/projects/math-wiz/app/controllers/calculations_controller.rb:23: syntax error, unexpected ',', expecting =>
..., end_value:integer, :solution, :error)
...                              ^
):
  
app/controllers/calculations_controller.rb:23: syntax error, unexpected ',', expecting =>
app/controllers/calculations_controller.rb:23: syntax error, unexpected ',', expecting =>
app/controllers/calculations_controller.rb:23: syntax error, unexpected ',', expecting =>
Started POST "/calculations/" for ::1 at 2022-02-18 23:16:56 -0700
  
SyntaxError (/Users/zach/projects/math-wiz/app/controllers/calculations_controller.rb:23: syntax error, unexpected ')', expecting =>
...teger, solution:string, :error)
...                              ^
):
  
app/controllers/calculations_controller.rb:23: syntax error, unexpected ')', expecting =>
app/controllers/calculations_controller.rb:23: syntax error, unexpected ')', expecting =>
app/controllers/calculations_controller.rb:23: syntax error, unexpected ')', expecting =>
Started POST "/calculations/" for ::1 at 2022-02-18 23:17:24 -0700
  [1m[36mActiveRecord::SchemaMigration Pluck (0.7ms)[0m  [1m[34mSELECT "schema_migrations"."version" FROM "schema_migrations" ORDER BY "schema_migrations"."version" ASC[0m
  
SyntaxError (/Users/zach/projects/math-wiz/app/controllers/calculations_controller.rb:23: syntax error, unexpected ')', expecting =>
...teger, solution:string, :error)
...                              ^
):
  
app/controllers/calculations_controller.rb:23: syntax error, unexpected ')', expecting =>
app/controllers/calculations_controller.rb:23: syntax error, unexpected ')', expecting =>
app/controllers/calculations_controller.rb:23: syntax error, unexpected ')', expecting =>
Started POST "/calculations/" for ::1 at 2022-02-18 23:18:24 -0700
  [1m[36mActiveRecord::SchemaMigration Pluck (0.8ms)[0m  [1m[34mSELECT "schema_migrations"."version" FROM "schema_migrations" ORDER BY "schema_migrations"."version" ASC[0m
Processing by CalculationsController#create as JSON
  Parameters: {"_json"=>[{"start_value"=>3328, "end_value"=>7789, "calculation_type"=>"generate_prime"}], "calculation"=>{}}
Completed 400 Bad Request in 1ms (ActiveRecord: 1.9ms | Allocations: 593)


  
ActionController::ParameterMissing (param is missing or the value is empty: calculation_type
Did you mean?  calculation):
  
app/controllers/calculations_controller.rb:23:in `calculation_params'
app/controllers/calculations_controller.rb:8:in `create'
Started POST "/calculations/" for ::1 at 2022-02-18 23:20:20 -0700
Processing by CalculationsController#create as JSON
  Parameters: {"calculation"=>{}}
Completed 400 Bad Request in 1ms (ActiveRecord: 0.0ms | Allocations: 484)


  
ActionController::ParameterMissing (param is missing or the value is empty: calculation_type
Did you mean?  calculation):
  
app/controllers/calculations_controller.rb:23:in `calculation_params'
app/controllers/calculations_controller.rb:8:in `create'
Started POST "/calculations/?start_value=4535&end_value=3668&calculation_type=generate_prime" for ::1 at 2022-02-18 23:22:04 -0700
Processing by CalculationsController#create as JSON
  Parameters: {"start_value"=>"4535", "end_value"=>"3668", "calculation_type"=>"generate_prime", "calculation"=>{}}
Completed 500 Internal Server Error in 4ms (ActiveRecord: 0.0ms | Allocations: 2805)


  
NameError (undefined local variable or method `integer' for #<CalculationsController:0x00000000022740>

      params.require(:calculation_type).permit(start_value:integer, end_value:integer, solution:string, error:string)
                                                           ^^^^^^^
Did you mean?  Integer):
  
app/controllers/calculations_controller.rb:23:in `calculation_params'
app/controllers/calculations_controller.rb:8:in `create'
Started POST "/calculations/?start_value=3484&end_value=1770&calculation_type=generate_prime" for ::1 at 2022-02-18 23:23:08 -0700
Processing by CalculationsController#create as JSON
  Parameters: {"start_value"=>"3484", "end_value"=>"1770", "calculation_type"=>"generate_prime", "calculation"=>{}}
Completed 500 Internal Server Error in 2ms (ActiveRecord: 1.6ms | Allocations: 1907)


  
NoMethodError (undefined method `permit' for "generate_prime":String

      params.require(:calculation_type).permit(start_value:Integer, end_value:Integer, solution:String, error:String)
                                       ^^^^^^^):
  
app/controllers/calculations_controller.rb:23:in `calculation_params'
app/controllers/calculations_controller.rb:8:in `create'
Started POST "/calculations/?start_value=8761&end_value=2230&calculation_type=generate_prime" for ::1 at 2022-02-18 23:24:01 -0700
Processing by CalculationsController#create as JSON
  Parameters: {"start_value"=>"8761", "end_value"=>"2230", "calculation_type"=>"generate_prime", "calculation"=>{}}
Completed 400 Bad Request in 1ms (ActiveRecord: 1.9ms | Allocations: 488)


  
ActionController::ParameterMissing (param is missing or the value is empty: {:calculation_type=>String}
Did you mean?  calculation_type):
  
app/controllers/calculations_controller.rb:23:in `calculation_params'
app/controllers/calculations_controller.rb:8:in `create'
Started POST "/calculations/?start_value=5794&end_value=7713&calculation_type=generate_prime" for ::1 at 2022-02-18 23:25:50 -0700
Processing by CalculationsController#create as JSON
  Parameters: {"start_value"=>"5794", "end_value"=>"7713", "calculation_type"=>"generate_prime", "calculation"=>{}}
Completed 500 Internal Server Error in 2ms (ActiveRecord: 1.5ms | Allocations: 1867)


  
NoMethodError (undefined method `permit' for "generate_prime":String

      params.require(:calculation_type).permit(:start_value, :end_value, :solution, :error)
                                       ^^^^^^^):
  
app/controllers/calculations_controller.rb:23:in `calculation_params'
app/controllers/calculations_controller.rb:8:in `create'
Started POST "/calculations/" for ::1 at 2022-02-18 23:30:28 -0700
Error occurred while parsing request parameters.
Contents:

start_value=6434&end_value=3694&calculation_type=generate_prime
Processing by CalculationsController#create as JSON
Completed 400 Bad Request in 0ms (ActiveRecord: 0.0ms | Allocations: 632)


  
ActionDispatch::Http::Parameters::ParseError (Error occurred while parsing request parameters):
  
app/controllers/calculations_controller.rb:23:in `calculation_params'
app/controllers/calculations_controller.rb:8:in `create'
Started POST "/calculations/" for ::1 at 2022-02-18 23:31:15 -0700
Error occurred while parsing request parameters.
Contents:

start_value=5324&end_value=8955&calculation_type=generate_prime
Processing by CalculationsController#create as JSON
Completed 400 Bad Request in 0ms (ActiveRecord: 0.0ms | Allocations: 665)


  
ActionDispatch::Http::Parameters::ParseError (Error occurred while parsing request parameters):
  
app/controllers/calculations_controller.rb:23:in `calculation_params'
app/controllers/calculations_controller.rb:8:in `create'
Started POST "/calculations/" for ::1 at 2022-02-18 23:35:25 -0700
  [1m[36mActiveRecord::SchemaMigration Pluck (0.7ms)[0m  [1m[34mSELECT "schema_migrations"."version" FROM "schema_migrations" ORDER BY "schema_migrations"."version" ASC[0m
Error occurred while parsing request parameters.
Contents:

start_value=2866&end_value=806&calculation_type=generate_prime
Processing by CalculationsController#create as JSON
Completed 400 Bad Request in 1ms (ActiveRecord: 0.0ms | Allocations: 716)


  
ActionDispatch::Http::Parameters::ParseError (Error occurred while parsing request parameters):
  
app/controllers/calculations_controller.rb:23:in `calculation_params'
app/controllers/calculations_controller.rb:8:in `create'
Started POST "/calculations/" for ::1 at 2022-02-18 23:36:27 -0700
Processing by CalculationsController#create as JSON
  Parameters: {"_json"=>[{"start_value"=>4411, "end_value"=>3965, "calculation_type"=>"generate_prime"}], "calculation"=>{}}
Completed 400 Bad Request in 1ms (ActiveRecord: 1.8ms | Allocations: 531)


  
ActionController::ParameterMissing (param is missing or the value is empty: calculation_type
Did you mean?  calculation):
  
app/controllers/calculations_controller.rb:23:in `calculation_params'
app/controllers/calculations_controller.rb:8:in `create'
Started POST "/calculations/" for ::1 at 2022-02-18 23:38:44 -0700
Processing by CalculationsController#create as JSON
  Parameters: {"_json"=>[{"start_value"=>2994, "end_value"=>4703, "calculation_type"=>"generate_prime"}], "calculation"=>{}}
Completed 400 Bad Request in 0ms (ActiveRecord: 0.0ms | Allocations: 454)


  
ActionController::ParameterMissing (param is missing or the value is empty: calculation_type
Did you mean?  calculation):
  
app/controllers/calculations_controller.rb:23:in `calculation_params'
app/controllers/calculations_controller.rb:8:in `create'
Started POST "/calculations/" for ::1 at 2022-02-18 23:40:52 -0700
  [1m[36mActiveRecord::SchemaMigration Pluck (0.6ms)[0m  [1m[34mSELECT "schema_migrations"."version" FROM "schema_migrations" ORDER BY "schema_migrations"."version" ASC[0m
Processing by CalculationsController#create as JSON
  Parameters: {"_json"=>[{"start_value"=>4382, "end_value"=>1110, "calculation_type"=>"generate_prime"}], "calculation"=>{}}
Completed 500 Internal Server Error in 8ms (ActiveRecord: 1.8ms | Allocations: 2773)


  
NameError (undefined local variable or method `calculation_params' for #<CalculationsController:0x000000000225b0>

    @calculation = Calculation.create(calculation_params)
                                      ^^^^^^^^^^^^^^^^^^
Did you mean?  calculation_path
               calculation_url
               calculations_path):
  
app/controllers/calculations_controller.rb:8:in `create'
Started POST "/calculations/" for ::1 at 2022-02-18 23:42:05 -0700
Processing by CalculationsController#create as JSON
  Parameters: {"_json"=>[{"start_value"=>8659, "end_value"=>5024, "calculation_type"=>"generate_prime"}], "calculation"=>{}}
Completed 500 Internal Server Error in 11ms (ActiveRecord: 5.0ms | Allocations: 4682)


  
ActiveModel::ForbiddenAttributesError (ActiveModel::ForbiddenAttributesError):
  
app/controllers/calculations_controller.rb:8:in `create'
Started POST "/calculations/" for ::1 at 2022-02-18 23:44:01 -0700
  [1m[36mActiveRecord::SchemaMigration Pluck (0.5ms)[0m  [1m[34mSELECT "schema_migrations"."version" FROM "schema_migrations" ORDER BY "schema_migrations"."version" ASC[0m
Processing by CalculationsController#create as JSON
  Parameters: {"_json"=>[{"start_value"=>125, "end_value"=>2861, "calculation_type"=>"generate_prime"}], "calculation"=>{}}
Completed 400 Bad Request in 1ms (ActiveRecord: 2.8ms | Allocations: 593)


  
ActionController::ParameterMissing (param is missing or the value is empty: calculation_type
Did you mean?  calculation):
  
app/controllers/calculations_controller.rb:23:in `calculation_params'
app/controllers/calculations_controller.rb:8:in `create'
Started POST "/calculations/" for ::1 at 2022-02-18 23:46:15 -0700
Processing by CalculationsController#create as JSON
  Parameters: {"_json"=>[{"start_value"=>1316, "end_value"=>1111, "calculation_type"=>"generate_prime"}], "calculation"=>{}}
Completed 500 Internal Server Error in 66794ms (ActiveRecord: 1.6ms | Allocations: 57857)


  
SystemExit (exit):
  
(byebug):1:in `exit'
(byebug):1:in `create'
app/controllers/calculations_controller.rb:10:in `create'
Started POST "/calculations/" for ::1 at 2022-02-18 23:47:40 -0700
  [1m[36mActiveRecord::SchemaMigration Pluck (0.7ms)[0m  [1m[34mSELECT "schema_migrations"."version" FROM "schema_migrations" ORDER BY "schema_migrations"."version" ASC[0m
Processing by CalculationsController#create as JSON
  Parameters: {"_json"=>[{"start_value"=>3771, "end_value"=>264, "calculation_type"=>"generate_prime"}], "calculation"=>{}}
Completed 400 Bad Request in 1ms (ActiveRecord: 1.9ms | Allocations: 588)


  
ActionController::ParameterMissing (param is missing or the value is empty: calculation_type
Did you mean?  calculation):
  
app/controllers/calculations_controller.rb:25:in `calculation_params'
app/controllers/calculations_controller.rb:9:in `create'
Started POST "/calculations/" for ::1 at 2022-02-18 23:48:07 -0700
Processing by CalculationsController#create as JSON
  Parameters: {"_json"=>[{"start_value"=>3417, "end_value"=>1881, "calculation_type"=>"generate_prime"}], "calculation"=>{}}
Completed 500 Internal Server Error in 405874ms (ActiveRecord: 5.1ms | Allocations: 77756)


  
SystemExit (exit):
  
(byebug):1:in `exit'
(byebug):1:in `create'
app/controllers/calculations_controller.rb:10:in `create'
  [1m[35m (1.3ms)[0m  [1m[35mCREATE DATABASE "mathwiz_development" ENCODING = 'unicode'[0m
  [1m[35m (0.4ms)[0m  [1m[35mCREATE DATABASE "mathwiz_test" ENCODING = 'unicode'[0m
  [1m[35m (0.2ms)[0m  [1m[34mSELECT pg_try_advisory_lock(313786698304490355)[0m
  [1m[36mActiveRecord::SchemaMigration Pluck (0.8ms)[0m  [1m[34mSELECT "schema_migrations"."version" FROM "schema_migrations" ORDER BY "schema_migrations"."version" ASC[0m
  [1m[36mActiveRecord::InternalMetadata Load (0.4ms)[0m  [1m[34mSELECT "ar_internal_metadata".* FROM "ar_internal_metadata" WHERE "ar_internal_metadata"."key" = $1 LIMIT $2[0m  [["key", "environment"], ["LIMIT", 1]]
  [1m[35m (0.3ms)[0m  [1m[34mSELECT pg_advisory_unlock(313786698304490355)[0m
  [1m[36mActiveRecord::SchemaMigration Pluck (0.6ms)[0m  [1m[34mSELECT "schema_migrations"."version" FROM "schema_migrations" ORDER BY "schema_migrations"."version" ASC[0m
  [1m[35m (296.8ms)[0m  [1m[35mCREATE DATABASE "mathwiz_development" ENCODING = 'unicode'[0m
  [1m[35m (112.8ms)[0m  [1m[35mCREATE DATABASE "mathwiz_test" ENCODING = 'unicode'[0m
  [1m[35m (48.5ms)[0m  [1m[35mCREATE TABLE "schema_migrations" ("version" character varying NOT NULL PRIMARY KEY)[0m
  [1m[35m (45.5ms)[0m  [1m[35mCREATE TABLE "ar_internal_metadata" ("key" character varying NOT NULL PRIMARY KEY, "value" character varying, "created_at" timestamp(6) NOT NULL, "updated_at" timestamp(6) NOT NULL)[0m
  [1m[35m (0.4ms)[0m  [1m[34mSELECT pg_try_advisory_lock(313786698304490355)[0m
  [1m[36mActiveRecord::SchemaMigration Pluck (0.6ms)[0m  [1m[34mSELECT "schema_migrations"."version" FROM "schema_migrations" ORDER BY "schema_migrations"."version" ASC[0m
Migrating to CreateCalculations (20220219050435)
  [1m[36mTRANSACTION (0.2ms)[0m  [1m[35mBEGIN[0m
  [1m[35m (46.5ms)[0m  [1m[35mCREATE TABLE "calculations" ("id" bigserial primary key, "calculation_type" character varying, "start_value" integer, "end_value" integer, "solution" character varying, "error" character varying, "created_at" timestamp(6) NOT NULL, "updated_at" timestamp(6) NOT NULL)[0m
  [1m[36mActiveRecord::SchemaMigration Create (0.7ms)[0m  [1m[32mINSERT INTO "schema_migrations" ("version") VALUES ($1) RETURNING "version"[0m  [["version", "20220219050435"]]
  [1m[36mTRANSACTION (39.9ms)[0m  [1m[35mCOMMIT[0m
  [1m[36mActiveRecord::InternalMetadata Load (0.9ms)[0m  [1m[34mSELECT "ar_internal_metadata".* FROM "ar_internal_metadata" WHERE "ar_internal_metadata"."key" = $1 LIMIT $2[0m  [["key", "environment"], ["LIMIT", 1]]
  [1m[36mTRANSACTION (0.2ms)[0m  [1m[35mBEGIN[0m
  [1m[36mActiveRecord::InternalMetadata Create (1.0ms)[0m  [1m[32mINSERT INTO "ar_internal_metadata" ("key", "value", "created_at", "updated_at") VALUES ($1, $2, $3, $4) RETURNING "key"[0m  [["key", "environment"], ["value", "development"], ["created_at", "2022-02-22 18:59:54.458957"], ["updated_at", "2022-02-22 18:59:54.458957"]]
  [1m[36mTRANSACTION (40.8ms)[0m  [1m[35mCOMMIT[0m
  [1m[35m (0.5ms)[0m  [1m[34mSELECT pg_advisory_unlock(313786698304490355)[0m
  [1m[36mActiveRecord::SchemaMigration Pluck (1.6ms)[0m  [1m[34mSELECT "schema_migrations"."version" FROM "schema_migrations" ORDER BY "schema_migrations"."version" ASC[0m
  [1m[36mActiveRecord::SchemaMigration Pluck (0.8ms)[0m  [1m[34mSELECT "schema_migrations"."version" FROM "schema_migrations" ORDER BY "schema_migrations"."version" ASC[0m
  [1m[36mActiveRecord::InternalMetadata Pluck (0.5ms)[0m  [1m[34mSELECT "ar_internal_metadata"."value" FROM "ar_internal_metadata" WHERE "ar_internal_metadata"."key" = $1 LIMIT $2[0m  [["key", "environment"], ["LIMIT", 1]]
  [1m[36mActiveRecord::SchemaMigration Pluck (0.3ms)[0m  [1m[34mSELECT "schema_migrations"."version" FROM "schema_migrations" ORDER BY "schema_migrations"."version" ASC[0m
  [1m[36mActiveRecord::InternalMetadata Pluck (0.2ms)[0m  [1m[34mSELECT "ar_internal_metadata"."value" FROM "ar_internal_metadata" WHERE "ar_internal_metadata"."key" = $1 LIMIT $2[0m  [["key", "environment"], ["LIMIT", 1]]
  [1m[36mActiveRecord::SchemaMigration Pluck (0.2ms)[0m  [1m[34mSELECT "schema_migrations"."version" FROM "schema_migrations" ORDER BY "schema_migrations"."version" ASC[0m
  [1m[36mActiveRecord::InternalMetadata Pluck (0.3ms)[0m  [1m[34mSELECT "ar_internal_metadata"."value" FROM "ar_internal_metadata" WHERE "ar_internal_metadata"."key" = $1 LIMIT $2[0m  [["key", "environment"], ["LIMIT", 1]]
  [1m[35m (61.4ms)[0m  [1m[35mDROP DATABASE IF EXISTS "mathwiz_development"[0m
  [1m[35m (60.2ms)[0m  [1m[35mDROP DATABASE IF EXISTS "mathwiz_test"[0m
  [1m[35m (304.2ms)[0m  [1m[35mCREATE DATABASE "mathwiz_development" ENCODING = 'unicode'[0m
  [1m[35m (138.3ms)[0m  [1m[35mCREATE DATABASE "mathwiz_test" ENCODING = 'unicode'[0m
  [1m[35m (6.9ms)[0m  [1m[35mCREATE TABLE "schema_migrations" ("version" character varying NOT NULL PRIMARY KEY)[0m
  [1m[35m (4.3ms)[0m  [1m[35mCREATE TABLE "ar_internal_metadata" ("key" character varying NOT NULL PRIMARY KEY, "value" character varying, "created_at" timestamp(6) NOT NULL, "updated_at" timestamp(6) NOT NULL)[0m
  [1m[35m (0.4ms)[0m  [1m[34mSELECT pg_try_advisory_lock(313786698304490355)[0m
  [1m[36mActiveRecord::SchemaMigration Pluck (0.6ms)[0m  [1m[34mSELECT "schema_migrations"."version" FROM "schema_migrations" ORDER BY "schema_migrations"."version" ASC[0m
Migrating to CreateCalculations (20220219050435)
  [1m[36mTRANSACTION (0.2ms)[0m  [1m[35mBEGIN[0m
  [1m[35m (91.5ms)[0m  [1m[35mCREATE TABLE "calculations" ("id" bigserial primary key, "calculation_type" character varying, "start_value" integer, "end_value" integer, "solution" text, "error" character varying, "created_at" timestamp(6) NOT NULL, "updated_at" timestamp(6) NOT NULL)[0m
  [1m[36mActiveRecord::SchemaMigration Create (0.6ms)[0m  [1m[32mINSERT INTO "schema_migrations" ("version") VALUES ($1) RETURNING "version"[0m  [["version", "20220219050435"]]
  [1m[36mTRANSACTION (40.7ms)[0m  [1m[35mCOMMIT[0m
  [1m[36mActiveRecord::InternalMetadata Load (0.4ms)[0m  [1m[34mSELECT "ar_internal_metadata".* FROM "ar_internal_metadata" WHERE "ar_internal_metadata"."key" = $1 LIMIT $2[0m  [["key", "environment"], ["LIMIT", 1]]
  [1m[36mTRANSACTION (0.2ms)[0m  [1m[35mBEGIN[0m
  [1m[36mActiveRecord::InternalMetadata Create (0.6ms)[0m  [1m[32mINSERT INTO "ar_internal_metadata" ("key", "value", "created_at", "updated_at") VALUES ($1, $2, $3, $4) RETURNING "key"[0m  [["key", "environment"], ["value", "development"], ["created_at", "2022-02-22 20:51:35.438356"], ["updated_at", "2022-02-22 20:51:35.438356"]]
  [1m[36mTRANSACTION (62.7ms)[0m  [1m[35mCOMMIT[0m
  [1m[35m (0.7ms)[0m  [1m[34mSELECT pg_advisory_unlock(313786698304490355)[0m
  [1m[36mActiveRecord::SchemaMigration Pluck (1.4ms)[0m  [1m[34mSELECT "schema_migrations"."version" FROM "schema_migrations" ORDER BY "schema_migrations"."version" ASC[0m
